<?xml version='1.0' encoding='UTF-8'?>
<testsuites name="results">
  <testsuite name="all" package="all" tests="0">
    <property name="random_seed" value="1573572602" />
    <testcase classname="test_multiplier" name="mult_basic_test" ratio_time="41921.125543772054" sim_time_ns="100200.000001" time="2.3902029991149902" />
    <testcase classname="test_multiplier" name="mult_randomised_test" ratio_time="0.0033619918498858647" sim_time_ns="2.300000051036477e-05" time="0.006841182708740234" />
  </testsuite>
</testsuites>
